[17Dec2024 00:01:03.257] [Server thread/INFO] [net.minecraft.server.MinecraftServer/]: AssaGM has made the advancement [Remote Getaway]
[17Dec2024 00:01:06.229] [Server thread/WARN] [net.minecraft.server.MinecraftServer/]: Can't keep up! Is the server overloaded? Running 2884ms or 57 ticks behind
[17Dec2024 00:01:22.511] [Worker-Main-1/ERROR] [net.minecraft.world.entity.decoration.HangingEntity/]: Hanging entity at invalid position: BlockPos{x=-120, y=24, z=29}
[17Dec2024 00:01:27.712] [Server thread/INFO] [net.minecraft.server.MinecraftServer/]: AssaGM has made the advancement [Dreams Come True...]
[17Dec2024 00:02:03.865] [Server thread/INFO] [net.minecraft.server.MinecraftServer/]: ClementePicaro fell out of the world
[17Dec2024 00:02:03.929] [Server thread/INFO] [tombstone/]: The player ClementePicaro has successfully been saved
[17Dec2024 00:02:05.566] [Server thread/WARN] [dev.gigaherz.toolbelt.slot.BeltExtensionSlot/]: New entity has data, contents assigned.
[17Dec2024 00:02:49.314] [Server thread/INFO] [net.minecraft.world.entity.LivingEntity/]: Named entity Endermite['TITO 2.0'/32780, l='ServerLevel[world]', x=13.50, y=46.16, z=-249.91] died: death.attack.Sokkvabekkr.player
[17Dec2024 00:03:02.280] [Server thread/INFO] [net.minecraft.server.MinecraftServer/]: [Not Secure] <YermanPC> FAS
[17Dec2024 00:03:55.398] [Worker-Main-1/ERROR] [net.minecraft.world.entity.decoration.HangingEntity/]: Hanging entity at invalid position: BlockPos{x=-120, y=24, z=29}
[17Dec2024 00:05:55.106] [Server thread/INFO] [net.minecraft.server.MinecraftServer/]: AssaGM has made the advancement [The City at the End of the Game]
[17Dec2024 00:11:47.410] [Server thread/WARN] [dev.gigaherz.toolbelt.slot.BeltExtensionSlot/]: New entity has data, contents assigned.
[17Dec2024 00:11:53.268] [Server thread/INFO] [net.minecraft.server.MinecraftServer/]: AssaGM has reached the goal [Sky's the Limit]
[17Dec2024 00:12:16.274] [Server thread/INFO] [net.minecraft.server.MinecraftServer/]: [Not Secure] <YermanPC> fasf
[17Dec2024 00:12:34.343] [Server thread/INFO] [net.minecraft.world.entity.LivingEntity/]: Named entity WanderingTrader['Agizahr the Archmage'/33343, l='ServerLevel[world]', x=-1854.96, y=134.00, z=328.70] died: Agizahr the Archmage was slain by AssaGM
[17Dec2024 00:16:15.430] [Server thread/INFO] [com.teampotato.redirector.Redirector/]: Redirecting slimeknights/tconstruct/smeltery/block/entity/tank/ISmelteryTankHandler$FluidChange
[17Dec2024 00:17:47.712] [Server thread/WARN] [net.minecraft.server.level.ServerPlayerGameMode/]: Mismatch in destroy block pos: BlockPos{x=-380, y=46, z=-234} BlockPos{x=-380, y=47, z=-233}
[17Dec2024 00:17:54.128] [Server thread/INFO] [net.minecraft.server.MinecraftServer/]: AssaGM has made the advancement [Ghost Riders In The Sky]
[17Dec2024 00:22:06.587] [Server thread/INFO] [net.minecraft.server.MinecraftServer/]: [YermanPC: Gave 1    [Block of Iron] to YermanPC]
[17Dec2024 00:22:07.038] [Server thread/INFO] [net.minecraft.server.MinecraftServer/]: [YermanPC: Gave 1    [Block of Iron] to YermanPC]
[17Dec2024 00:22:07.473] [Server thread/INFO] [net.minecraft.server.MinecraftServer/]: [YermanPC: Gave 1    [Block of Iron] to YermanPC]
[17Dec2024 00:23:48.182] [Server thread/ERROR] [sophisticatedbackpacks/]: Error getting backpack wrapper - Unable to find backpack at slot index 2 in "main" inventory handler
[17Dec2024 00:25:30.982] [Server thread/INFO] [net.minecraft.server.MinecraftServer/]: [Not Secure] <YermanPC> fasf
[17Dec2024 00:26:49.439] [Server thread/INFO] [net.minecraft.server.MinecraftServer/]: [YermanPC: Gave 64    [Nether Quartz] to YermanPC]
[17Dec2024 00:26:51.486] [Server thread/INFO] [net.minecraft.server.MinecraftServer/]: [YermanPC: Gave 64    [Nether Quartz] to YermanPC]
[17Dec2024 00:26:53.076] [Server thread/INFO] [net.minecraft.server.MinecraftServer/]: [YermanPC: Gave 64    [Nether Quartz] to YermanPC]
[17Dec2024 00:30:06.341] [Server thread/WARN] [net.minecraft.server.MinecraftServer/]: Can't keep up! Is the server overloaded? Running 2096ms or 41 ticks behind
[17Dec2024 00:33:29.245] [Server thread/INFO] [net.minecraft.server.network.ServerGamePacketListenerImpl/]: ElCachita_HD lost connection: Disconnected
[17Dec2024 00:33:29.245] [Server thread/INFO] [net.minecraft.server.MinecraftServer/]: ElCachita_HD left the game
[17Dec2024 00:36:06.378] [Server thread/INFO] [net.minecraft.server.MinecraftServer/]: ClementePicaro has reached the goal [Sky's the Limit]
[17Dec2024 00:38:09.319] [Server thread/INFO] [net.minecraft.server.network.ServerGamePacketListenerImpl/]: ClementePicaro lost connection: Disconnected
[17Dec2024 00:38:09.320] [Server thread/INFO] [net.minecraft.server.MinecraftServer/]: ClementePicaro left the game
[17Dec2024 00:45:54.474] [Server thread/INFO] [net.minecraft.server.network.ServerGamePacketListenerImpl/]: AssaGM lost connection: Disconnected
[17Dec2024 00:45:54.475] [Server thread/INFO] [net.minecraft.server.MinecraftServer/]: AssaGM left the game
[17Dec2024 00:54:48.405] [Server thread/INFO] [net.minecraft.server.MinecraftServer/]: YermanPC has reached the goal [Cover Me In Brightsteel]
[17Dec2024 00:57:49.044] [Server thread/INFO] [net.minecraft.server.MinecraftServer/]: [YermanPC: Gave 64    [Magma Cream] to YermanPC]
[17Dec2024 00:57:50.555] [Server thread/INFO] [net.minecraft.server.MinecraftServer/]: [YermanPC: Gave 64    [Magma Cream] to YermanPC]
[17Dec2024 00:57:51.859] [Server thread/INFO] [net.minecraft.server.MinecraftServer/]: [YermanPC: Gave 64    [Magma Cream] to YermanPC]
[17Dec2024 00:57:53.224] [Server thread/INFO] [net.minecraft.server.MinecraftServer/]: [YermanPC: Gave 64    [Magma Cream] to YermanPC]
[17Dec2024 01:01:19.244] [Server thread/INFO] [net.minecraft.server.MinecraftServer/]: [Not Secure] <YermanPC> safas
[17Dec2024 01:02:01.638] [Server thread/WARN] [net.minecraft.server.MinecraftServer/]: Can't keep up! Is the server overloaded? Running 3392ms or 67 ticks behind
[17Dec2024 01:15:05.627] [Server thread/WARN] [net.minecraft.server.level.ServerPlayerGameMode/]: Mismatch in destroy block pos: BlockPos{x=75, y=62, z=-67} BlockPos{x=76, y=62, z=-60}
[17Dec2024 01:15:05.679] [Server thread/WARN] [net.minecraft.server.level.ServerPlayerGameMode/]: Mismatch in destroy block pos: BlockPos{x=75, y=62, z=-67} BlockPos{x=76, y=62, z=-60}
[17Dec2024 01:22:19.861] [Server thread/INFO] [net.minecraft.server.MinecraftServer/]: [YermanPC: Gave 1    [Eternal Stella] to YermanPC]
[17Dec2024 01:25:31.524] [Server thread/INFO] [net.minecraft.server.MinecraftServer/]: [YermanPC: Gave 1    [Tome of Hungering Knowledge] to YermanPC]
[17Dec2024 01:25:55.268] [Server thread/INFO] [net.minecraft.server.MinecraftServer/]: [YermanPC: Gave 16    [Xpetrified Orb] to YermanPC]
[17Dec2024 01:25:56.620] [Server thread/INFO] [net.minecraft.server.MinecraftServer/]: [YermanPC: Gave 16    [Xpetrified Orb] to YermanPC]
[17Dec2024 01:26:04.831] [Server thread/INFO] [net.minecraft.server.MinecraftServer/]: [YermanPC: Gave 16    [Xpetrified Orb] to YermanPC]
[17Dec2024 01:27:29.336] [Server thread/INFO] [net.minecraft.server.MinecraftServer/]: [YermanPC: Gave 1    [Block of Gold] to YermanPC]
[17Dec2024 01:27:29.571] [Server thread/INFO] [net.minecraft.server.MinecraftServer/]: [YermanPC: Gave 1    [Block of Gold] to YermanPC]
[17Dec2024 01:27:29.727] [Server thread/INFO] [net.minecraft.server.MinecraftServer/]: [YermanPC: Gave 1    [Block of Gold] to YermanPC]
[17Dec2024 01:27:29.879] [Server thread/INFO] [net.minecraft.server.MinecraftServer/]: [YermanPC: Gave 1    [Block of Gold] to YermanPC]
[17Dec2024 01:27:30.015] [Server thread/INFO] [net.minecraft.server.MinecraftServer/]: [YermanPC: Gave 1    [Block of Gold] to YermanPC]
[17Dec2024 01:27:30.140] [Server thread/INFO] [net.minecraft.server.MinecraftServer/]: [YermanPC: Gave 1    [Block of Gold] to YermanPC]
[17Dec2024 01:35:19.805] [Server thread/INFO] [net.minecraft.server.MinecraftServer/]: [YermanPC: Gave 16    [Xpetrified Orb] to YermanPC]
[17Dec2024 01:35:21.161] [Server thread/INFO] [net.minecraft.server.MinecraftServer/]: [YermanPC: Gave 16    [Xpetrified Orb] to YermanPC]
[17Dec2024 01:41:51.358] [Server thread/INFO] [net.minecraft.server.MinecraftServer/]: [YermanPC: Gave 1    [Elastic Hand] to YermanPC]
[17Dec2024 01:45:22.400] [Server thread/INFO] [net.minecraft.world.entity.LivingEntity/]: Named entity Fox['Ernesto'/60501, l='ServerLevel[world]', x=-111.42, y=72.00, z=-287.55] died: Ernesto fell from a high place
[17Dec2024 01:47:46.406] [Server thread/INFO] [net.minecraft.server.network.ServerGamePacketListenerImpl/]: YermanPC lost connection: Timed out
[17Dec2024 01:47:46.407] [Server thread/INFO] [net.minecraft.server.MinecraftServer/]: YermanPC left the game
[17Dec2024 01:47:46.490] [Server thread/WARN] [net.minecraft.network.Connection/]: handleDisconnection() called twice
[17Dec2024 01:49:47.874] [Netty Epoll Server IO #5/INFO] [Calio/]: Received acknowledgment for login packet with id 94
[17Dec2024 01:49:47.874] [Netty Epoll Server IO #5/INFO] [Calio/]: Received acknowledgment for login packet with id 95
[17Dec2024 01:49:48.100] [Netty Epoll Server IO #5/INFO] [Calio/]: Received acknowledgment for login packet with id 96
[17Dec2024 01:49:48.141] [Netty Epoll Server IO #5/INFO] [Calio/]: Received acknowledgment for login packet with id 97
[17Dec2024 01:49:48.141] [Netty Epoll Server IO #5/INFO] [Calio/]: Received acknowledgment for login packet with id 98
[17Dec2024 01:49:48.142] [Netty Epoll Server IO #5/INFO] [Calio/]: Received acknowledgment for login packet with id 99
[17Dec2024 01:49:48.142] [Netty Epoll Server IO #5/INFO] [Calio/]: Received acknowledgment for login packet with id 100
[17Dec2024 01:49:48.142] [Netty Epoll Server IO #5/INFO] [Calio/]: Received acknowledgment for login packet with id 101
[17Dec2024 01:49:48.232] [Netty Epoll Server IO #5/INFO] [Calio/]: Received acknowledgment for login packet with id 102
[17Dec2024 01:49:48.232] [Netty Epoll Server IO #5/INFO] [Calio/]: Received acknowledgment for login packet with id 103
[17Dec2024 01:49:48.232] [Netty Epoll Server IO #5/INFO] [Calio/]: Received acknowledgment for login packet with id 104
[17Dec2024 01:49:48.233] [Netty Epoll Server IO #5/INFO] [Calio/]: Received acknowledgment for login packet with id 105
[17Dec2024 01:49:48.233] [Netty Epoll Server IO #5/INFO] [Calio/]: Received acknowledgment for login packet with id 106
[17Dec2024 01:49:48.233] [Netty Epoll Server IO #5/INFO] [Calio/]: Received acknowledgment for login packet with id 107
[17Dec2024 01:49:48.444] [Netty Epoll Server IO #5/INFO] [Calio/]: Received acknowledgment for login packet with id 108
[17Dec2024 01:49:48.553] [Server thread/INFO] [net.minecraftforge.common.AdvancementLoadFix/]: Using new advancement loading for net.minecraft.server.PlayerAdvancements@a09a33f
[17Dec2024 01:49:48.592] [Server thread/INFO] [net.minecraft.server.players.PlayerList/]: YermanPC[/127.19.175.145:50655] logged in with entity id 66178 at (-154.72537592596709, -41.94025601937724, -160.6353773947099)
[17Dec2024 01:49:48.666] [Server thread/INFO] [net.minecraft.server.MinecraftServer/]: YermanPC joined the game
[17Dec2024 01:49:48.703] [Server thread/INFO] [Jade/]: Syncing config to YermanPC (1b3ec6f0-a351-3a71-b967-c2b87eb9546d)
[17Dec2024 01:49:48.748] [Server thread/INFO] [Enigmatic Legacy/INFO]: Synchronizing omniconfig files to YermanPC...
[17Dec2024 01:49:48.749] [Server thread/INFO] [Enigmatic Legacy/INFO]: Sending data for enigmaticlegacy-common.omniconf
[17Dec2024 01:49:48.749] [Server thread/INFO] [Enigmatic Legacy/INFO]: Granting starter gear to YermanPC
[17Dec2024 01:50:48.860] [Server thread/INFO] [com.teampotato.redirector.Redirector/]: Redirecting ic2/core/block/base/features/IClickable$ClickAction
[17Dec2024 01:51:08.975] [Server thread/INFO] [com.teampotato.redirector.Redirector/]: Redirecting ic2/core/inventory/slot/IGhostSlot$GhostType
[17Dec2024 01:51:10.956] [Server thread/INFO] [com.teampotato.redirector.Redirector/]: Redirecting ic2/core/block/base/tiles/impls/machine/single/BaseMachineTileEntity$RecipeResult
[17Dec2024 02:03:55.177] [Server thread/INFO] [net.minecraft.server.MinecraftServer/]: [Not Secure] <YermanPC> fasf
[17Dec2024 02:28:45.532] [Server thread/INFO] [net.minecraft.server.MinecraftServer/]: [YermanPC: Teleported YermanPC to -332.500000, 68.500000, -621.500000]
[17Dec2024 02:29:55.760] [Server thread/INFO] [net.minecraft.server.MinecraftServer/]: [YermanPC: Teleported YermanPC to -66.500000, 103.500000, -314.500000]
[17Dec2024 02:30:13.468] [Server thread/INFO] [net.minecraft.server.MinecraftServer/]: [Not Secure] [Server] fsfs
[17Dec2024 02:30:22.159] [Server thread/INFO] [net.minecraft.server.MinecraftServer/]: Unknown or incomplete command, see below for error
[17Dec2024 02:30:22.160] [Server thread/INFO] [net.minecraft.server.MinecraftServer/]: backup<--[HERE]
[17Dec2024 02:31:11.483] [Server thread/INFO] [net.minecraft.server.MinecraftServer/]: [Not Secure] <YermanPC> fasfsaf
[17Dec2024 02:31:14.226] [Server thread/INFO] [net.minecraft.server.MinecraftServer/]: [Not Secure] <YermanPC> fasffgh
[17Dec2024 02:31:15.974] [Server thread/INFO] [net.minecraft.server.MinecraftServer/]: [Not Secure] <YermanPC> afsafasf
[17Dec2024 02:31:17.354] [Server thread/INFO] [net.minecraft.server.MinecraftServer/]: [Not Secure] <YermanPC> hgfhgfh
[17Dec2024 02:31:18.804] [Server thread/INFO] [net.minecraft.server.MinecraftServer/]: [Not Secure] <YermanPC> ds
[17Dec2024 02:31:19.730] [Server thread/INFO] [net.minecraft.server.MinecraftServer/]: [Not Secure] <YermanPC> sda
[17Dec2024 02:31:21.187] [Server thread/INFO] [net.minecraft.server.MinecraftServer/]: [Not Secure] <YermanPC> dasd
[17Dec2024 02:31:22.717] [Server thread/INFO] [net.minecraft.server.MinecraftServer/]: [Not Secure] <YermanPC> fsf
[17Dec2024 02:31:23.659] [Server thread/INFO] [net.minecraft.server.MinecraftServer/]: [Not Secure] <YermanPC> fsf
[17Dec2024 02:31:25.578] [Server thread/INFO] [net.minecraft.server.MinecraftServer/]: [Not Secure] <YermanPC> fasfas
[17Dec2024 02:34:35.687] [Server thread/INFO] [net.minecraft.server.MinecraftServer/]: [YermanPC: Teleported YermanPC to 754.500000, 106.000000, -2666.500000]
[17Dec2024 02:34:35.689] [Server thread/WARN] [net.minecraft.server.MinecraftServer/]: Can't keep up! Is the server overloaded? Running 7794ms or 155 ticks behind
[17Dec2024 02:34:36.064] [Server thread/INFO] [net.minecraft.server.MinecraftServer/]: [Not Secure] <YermanPC> fasfas
[17Dec2024 02:34:47.899] [Server thread/INFO] [net.minecraft.server.MinecraftServer/]: [Not Secure] <YermanPC> fffsf
[17Dec2024 02:34:50.664] [Server thread/INFO] [net.minecraft.server.MinecraftServer/]: YermanPC fell from a high place
[17Dec2024 02:34:50.745] [Server thread/INFO] [tombstone/]: The player YermanPC has successfully been saved
[17Dec2024 02:34:52.737] [Server thread/WARN] [dev.gigaherz.toolbelt.slot.BeltExtensionSlot/]: New entity has data, contents assigned.
[17Dec2024 02:35:09.733] [Worker-Main-348/ERROR] [net.minecraft.world.entity.decoration.HangingEntity/]: Hanging entity at invalid position: BlockPos{x=203, y=48, z=159}
[17Dec2024 02:35:16.634] [Server thread/ERROR] [net.minecraft.world.entity.decoration.HangingEntity/]: Hanging entity at invalid position: BlockPos{x=-71, y=-48, z=-26}
[17Dec2024 02:36:39.222] [Worker-Main-333/INFO] [com.teampotato.redirector.Redirector/]: Redirecting net/minecraft/world/entity/animal/horse/Variant
[17Dec2024 02:36:39.229] [Worker-Main-333/INFO] [com.teampotato.redirector.Redirector/]: Redirecting net/minecraft/world/entity/animal/horse/Markings
[17Dec2024 02:36:40.485] [Server thread/INFO] [com.teampotato.redirector.Redirector/]: Redirecting net/minecraft/server/commands/FillCommand$Mode
[17Dec2024 02:41:54.901] [Server thread/INFO] [com.teampotato.redirector.Redirector/]: Redirecting net/minecraftforge/event/level/PistonEvent$PistonMoveType
[17Dec2024 02:42:08.890] [Worker-Main-333/WARN] [net.minecraft.world.level.levelgen.structure.pools.JigsawPlacement/]: Empty or non-existent pool: minecraft:
[17Dec2024 02:42:08.890] [Worker-Main-333/WARN] [net.minecraft.world.level.levelgen.structure.pools.JigsawPlacement/]: Empty or non-existent pool: minecraft:
[17Dec2024 02:42:08.890] [Worker-Main-333/WARN] [net.minecraft.world.level.levelgen.structure.pools.JigsawPlacement/]: Empty or non-existent pool: minecraft:
[17Dec2024 02:42:08.891] [Worker-Main-333/WARN] [net.minecraft.world.level.levelgen.structure.pools.JigsawPlacement/]: Empty or non-existent pool: minecraft:
[17Dec2024 02:42:18.558] [Worker-Main-348/WARN] [net.minecraft.world.level.levelgen.structure.pools.JigsawPlacement/]: Empty or non-existent pool: minecraft:
[17Dec2024 02:42:18.559] [Worker-Main-348/WARN] [net.minecraft.world.level.levelgen.structure.pools.JigsawPlacement/]: Empty or non-existent pool: minecraft:
[17Dec2024 02:42:18.559] [Worker-Main-348/WARN] [net.minecraft.world.level.levelgen.structure.pools.JigsawPlacement/]: Empty or non-existent pool: minecraft:
[17Dec2024 02:42:18.559] [Worker-Main-348/WARN] [net.minecraft.world.level.levelgen.structure.pools.JigsawPlacement/]: Empty or non-existent pool: minecraft:
[17Dec2024 02:46:59.519] [Server thread/INFO] [net.minecraft.server.MinecraftServer/]: YermanPC was doomed to fall by Decaying Zombie
[17Dec2024 02:46:59.538] [Server thread/INFO] [tombstone/]: The player YermanPC has successfully been saved
[17Dec2024 02:47:02.246] [Server thread/WARN] [dev.gigaherz.toolbelt.slot.BeltExtensionSlot/]: New entity has data, contents assigned.
[17Dec2024 02:47:26.570] [Server thread/INFO] [net.minecraft.world.entity.LivingEntity/]: Named entity Vindicator['Uzsahe the Endborn'/74133, l='ServerLevel[world]', x=1434.80, y=68.00, z=-2759.20] died: Uzsahe the Endborn was slain by YermanPC
[17Dec2024 03:12:37.975] [Server thread/INFO] [net.minecraft.server.MinecraftServer/]: [YermanPC: Gave 1    [Block of Gold] to YermanPC]
[17Dec2024 03:12:38.167] [Server thread/INFO] [net.minecraft.server.MinecraftServer/]: [YermanPC: Gave 1    [Block of Gold] to YermanPC]
[17Dec2024 03:12:38.378] [Server thread/INFO] [net.minecraft.server.MinecraftServer/]: [YermanPC: Gave 1    [Block of Gold] to YermanPC]
[17Dec2024 03:12:38.559] [Server thread/INFO] [net.minecraft.server.MinecraftServer/]: [YermanPC: Gave 1    [Block of Gold] to YermanPC]
[17Dec2024 03:12:38.744] [Server thread/INFO] [net.minecraft.server.MinecraftServer/]: [YermanPC: Gave 1    [Block of Gold] to YermanPC]
[17Dec2024 03:12:50.815] [Server thread/INFO] [net.minecraft.server.MinecraftServer/]: [Not Secure] <YermanPC> fasfsa
[17Dec2024 03:12:51.643] [Server thread/INFO] [net.minecraft.server.MinecraftServer/]: [Not Secure] <YermanPC> fasfsa
[17Dec2024 03:12:52.887] [Server thread/INFO] [net.minecraft.server.MinecraftServer/]: [Not Secure] <YermanPC> fasfsafsaf
[17Dec2024 03:12:53.804] [Server thread/INFO] [net.minecraft.server.MinecraftServer/]: [Not Secure] <YermanPC> fasfas
[17Dec2024 03:12:55.260] [Server thread/INFO] [net.minecraft.server.MinecraftServer/]: [Not Secure] <YermanPC> sdsd
[17Dec2024 03:12:56.503] [Server thread/INFO] [net.minecraft.server.MinecraftServer/]: [Not Secure] <YermanPC> dsssd
[17Dec2024 03:12:58.179] [Server thread/INFO] [net.minecraft.server.MinecraftServer/]: [Not Secure] <YermanPC> dddd
[17Dec2024 03:13:05.315] [Server thread/INFO] [net.minecraft.server.MinecraftServer/]: [Not Secure] <YermanPC> ffsfa
[17Dec2024 03:13:07.055] [Server thread/INFO] [net.minecraft.server.MinecraftServer/]: [Not Secure] <YermanPC> ffaafs
[17Dec2024 03:13:08.818] [Server thread/INFO] [net.minecraft.server.MinecraftServer/]: [Not Secure] <YermanPC> fasss
[17Dec2024 03:13:10.114] [Server thread/INFO] [net.minecraft.server.MinecraftServer/]: [Not Secure] <YermanPC> ffff
[17Dec2024 03:13:11.263] [Server thread/INFO] [net.minecraft.server.MinecraftServer/]: [Not Secure] <YermanPC> fff
[17Dec2024 03:13:12.815] [Server thread/INFO] [net.minecraft.server.MinecraftServer/]: [Not Secure] <YermanPC> ffff
[17Dec2024 03:13:14.827] [Server thread/INFO] [net.minecraft.server.MinecraftServer/]: [Not Secure] <YermanPC> faaaaaaaaaaaaa
[17Dec2024 03:13:16.191] [Server thread/INFO] [net.minecraft.server.MinecraftServer/]: [Not Secure] <YermanPC> fffasfsa
[17Dec2024 03:13:17.874] [Server thread/INFO] [net.minecraft.server.MinecraftServer/]: [Not Secure] <YermanPC> fsasf
[17Dec2024 03:18:33.159] [Server thread/INFO] [net.minecraft.server.MinecraftServer/]: [Not Secure] <YermanPC> fasf
[17Dec2024 03:18:48.805] [Server thread/INFO] [net.minecraft.server.MinecraftServer/]: [YermanPC: Set own game mode to Creative Mode]
[17Dec2024 03:18:55.278] [Server thread/INFO] [net.minecraft.server.MinecraftServer/]: [YermanPC: Set own game mode to Survival Mode]
[17Dec2024 03:19:08.533] [Server thread/INFO] [net.minecraft.server.MinecraftServer/]: [YermanPC: Gave 64    [Raw Gold] to YermanPC]
[17Dec2024 03:20:30.905] [Server thread/INFO] [net.minecraft.server.MinecraftServer/]: [Not Secure] <YermanPC> fasfasf
[17Dec2024 03:20:39.828] [Server thread/INFO] [net.minecraft.server.MinecraftServer/]: [Not Secure] <YermanPC> fasfssss
